-----------------------------------------------------------------------[ info ]
2018/8/8 17:03 - 修正By：Yanlongli  email:ahlyl94@gmail.com
2018/8/8 17:03 - website:www.yanlongli.com
2018/8/8 17:03 - 本软体仅用于学习交流，不得用于任何公开活动使用
2018/8/8 17:03 - ArcheAge Emu - 版本号 2.0, Build 6794.29876
-----------------------------------------------------------------------[ 网络连接 ]
2018/8/8 17:03 - 无法连接登陆服务器，1秒后重试
2018/8/8 17:03 - 连接服务器，安装数据…
2018/8/8 17:03 - Send:00 10 00 00 01 04 D7 31 32 37 2E 30 2E 30 2E 31 00 00 
2018/8/8 17:03 - Installed ClientConnection At 127.0.0.1:1239
2018/8/8 17:03 - ArcheAge 启动  2.00 秒.
2018/8/8 17:03 - Recv:00 03 00 00 01 
2018/8/8 17:03 - 成功安装登陆服务器
2018/8/8 17:04 - Recv:00 25 00 01 00 00 00 01 01 01 61 61 74 65 73 74 00 4E DD 4F 5B 83 6C C5 18 65 01 00 00 31 32 37 2E 30 2E 30 2E 31 00 
2018/8/8 17:04 - 账户《 aatest》: 授权
2018/8/8 17:04 - Client 127.0.0.1: Connect
2018/8/8 17:04 - Recv:28 00 17 01 00 00 00 00 6D 05 00 00 6D 05 00 00 01 00 00 00 00 00 00 00 5B 4F DD 4E FF FF FF FF 00 F3 0C 05 00 00 00 00 00 00 
2018/8/8 17:04 - Send:29 01 DD 05 57 76 46 16 E6 B6 87 11 13 0B 53 72 64 7D BC 82 FA 71 41 11 E2 FE 7D AD DD F7 C2 97 62 33 00 D4 A4 DB BF 62 5B A1 30 A5 FE 71 C5 1F C8 03 9A FD 6C 1D FD C7 B2 A1 E5 40 4F 20 84 74 38 0E 5F C5 39 F8 7A D9 F3 07 35 99 EC A6 12 06 31 B4 04 43 94 F8 77 90 04 46 92 A0 DC C2 DE 37 38 93 92 AF 13 71 C3 69 89 F5 B9 61 9E DE 92 E4 42 D0 B3 14 61 36 17 84 A1 A1 FD 68 FF 1D D3 84 43 76 31 C4 46 80 31 9E 88 38 98 47 A5 73 0B AA E8 50 3B 68 AF FD 75 53 48 31 71 6C 55 B2 2A C0 26 A6 7A CD FF 96 66 37 07 D7 A7 77 40 10 E0 B0 81 51 21 F1 C1 92 62 32 02 D2 A3 73 43 13 E3 B4 84 54 24 F4 C5 95 65 35 05 D6 A6 76 46 16 E7 B7 87 57 27 FE D0 A0 70 40 11 E1 B1 81 51 22 F2 C2 92 62 33 03 D3 A3 74 44 14 E4 B4 85 55 25 F5 C5 96 66 36 06 D6 A7 77 47 17 E7 B0 80 50 20 F0 C1 91 61 31 01 D2 A2 72 42 12 E3 B3 83 53 23 F4 C4 94 64 34 05 D5 A5 75 45 16 E6 B6 86 57 27 F7 C7 97 70 41 10 E1 C7 BE DA D0 C8 FC 
2018/8/8 17:04 - Send:08 00 DD 02 00 00 00 00 00 00 
2018/8/8 17:04 - Send:15 00 DD 01 00 00 00 00 00 01 00 00 7F E2 04 01 00 00 7F 00 00 00 00 
2018/8/8 17:04 - Recv:08 00 17 02 01 00 00 00 00 00 
2018/8/8 17:04 - Send:08 00 DD 02 00 00 01 00 00 00 
2018/8/8 17:04 - Send:14 00 DD 05 AC E7 22 86 56 27 F6 CF 97 08 72 65 89 9F E9 24 21 74 
2018/8/8 17:04 - Send:1E 00 DD 02 0F 00 0F 00 77 5F 74 68 65 5F 63 61 72 63 61 73 73 5F 32 00 00 00 00 00 00 00 00 01 
2018/8/8 17:04 - Send:51 00 DD 05 A0 20 C6 C2 82 62 52 71 B0 CB 11 25 73 81 D3 E4 38 40 DB A6 F9 0B 2C 06 A9 90 43 48 6E EF CD 4B 67 45 F3 1F 35 E7 09 01 D0 44 1D 85 A9 78 EE 82 53 22 F4 C4 94 64 34 05 D5 A5 75 45 17 E7 B7 87 56 27 F7 C7 97 70 40 10 E1 B0 11 50 81 B1 E0 
2018/8/8 17:04 - Send:A9 00 DD 05 92 93 A3 32 FF E3 A1 19 35 65 92 C1 B8 7D 0D 80 A6 E0 10 5A 6B BA 8A 10 36 74 83 C1 AB 3C 48 82 A3 F1 14 56 73 BE C8 19 6E 64 92 D9 EE 3F 46 90 AC F7 11 1C 72 A0 CA 05 2A 7B E3 DC F0 20 54 87 FF BA 4A 54 77 B5 CE 13 27 71 82 99 E3 25 46 98 A4 8E 19 2E 65 84 D6 F3 30 56 9B AD FC 4C 47 71 BA CC 1A 23 75 89 D1 F6 7B 55 87 AC E0 49 55 69 BB CA 12 35 74 82 9F F0 25 52 93 A9 F0 12 54 2E B1 D0 17 26 7B 97 C0 AC 23 56 86 A7 FC 05 47 60 B6 D7 10 21 7F 92 C5 AB 31 4B 98 B0 B9 11 23 64 89 DF EF 51 E7 17 47 
2018/8/8 17:04 - Send:2A 00 DD 05 AD 65 DD 01 D2 A2 72 42 12 E3 B3 83 53 23 F4 C4 94 64 34 05 B5 F1 75 45 16 E6 B6 86 57 27 F7 C7 97 70 40 10 E0 B0 81 51 
2018/8/8 17:04 - Send:77 00 DD 05 B3 97 E3 30 00 EE A3 72 42 12 E2 B4 84 55 24 F4 C5 95 64 35 05 D7 A6 76 46 16 E7 B7 87 57 67 BE D0 A0 70 40 11 E1 B1 81 51 22 F2 C2 92 62 33 03 D3 A3 74 44 14 E4 B4 85 55 25 F5 C5 96 66 36 06 D6 A7 77 47 17 E7 B0 80 50 20 F0 C1 91 61 31 01 D2 A2 72 42 12 E3 B3 83 53 23 F4 C4 94 65 34 0A C6 A5 75 45 66 A4 B3 86 57 27 F7 C7 81 34 8D DC AC 8F 8B 99 F2 
2018/8/8 17:04 - Send:09 00 DD 05 1F B6 3B 51 10 41 70 
2018/8/8 17:04 - Send:1C 00 DD 05 4B 63 BE 04 D5 AF 75 45 16 E6 B9 89 58 27 F7 C8 97 70 40 10 E0 B0 81 5E C4 F4 
2018/8/8 17:04 - Send:0E 00 DD 05 5A 2F 3B C6 97 70 40 10 E0 B0 81 51 
2018/8/8 17:04 - Send:09 00 DD 05 FA B9 B1 51 11 42 70 
2018/8/8 17:04 - Send:0E 00 DD 05 4F 2D 58 C6 97 70 40 10 E0 B0 81 51 
2018/8/8 17:04 - Send:23 00 DD 05 C5 E8 7C 81 52 23 F4 C4 94 64 34 05 D5 A5 75 45 16 E6 B6 86 57 27 F7 C7 97 70 40 10 E0 B0 81 51 42 
2018/8/8 17:04 - Send:0A 00 DD 05 35 7C DC 12 E0 B0 81 51 
2018/8/8 17:04 - Recv:18 00 17 02 12 00 42 07 80 02 00 00 00 00 83 7C 1C 1C 07 00 00 00 33 75 00 00 
2018/8/8 17:04 - Send:2C 00 DD 02 13 00 42 07 80 02 00 00 00 00 83 7C 1C 1C 07 00 00 00 00 00 00 00 00 00 00 00 88 CE 1C 1C 07 00 00 00 33 75 00 00 E5 F2 D1 01 
2018/8/8 17:04 - Recv:12 00 17 01 FB E4 86 01 00 10 FF 38 00 0C 99 02 00 00 00 00 23 00 17 01 7C 0D 5D 01 01 10 00 F1 5B B3 70 3D 69 6B 35 9C 0E CB FC AC 27 50 08 08 00 78 32 75 69 2F 68 75 64 0F 00 17 01 7C 0D 5D 01 03 4C 00 00 00 00 00 00 00 0B 00 17 01 7C 0D 5D 01 04 00 00 00 00 
2018/8/8 17:04 - Recv:18 00 17 02 12 00 AA B4 83 02 00 00 00 00 F0 64 26 1C 07 00 00 00 52 75 00 00 
2018/8/8 17:04 - Send:2C 00 DD 02 13 00 AA B4 83 02 00 00 00 00 F0 64 26 1C 07 00 00 00 00 00 00 00 00 00 00 00 F0 57 26 1C 07 00 00 00 52 75 00 00 56 F5 D1 01 
2018/8/8 17:04 - Recv:08 00 17 02 01 00 01 00 00 00 
2018/8/8 17:04 - Send:08 00 DD 02 00 00 02 00 00 00 
2018/8/8 17:04 - Recv:0C 01 17 01 7B E1 63 01 00 01 00 00 00 01 0C D6 53 FD 3F 0B F3 0C 41 1A 61 36 D1 25 DB EC 59 03 C9 58 16 75 65 B0 C4 7A 8D 5F BA D1 C1 30 30 87 4C 74 5E 75 FE DA D5 62 5E FC E4 72 B0 C1 0D B3 DD C8 04 73 DB D2 6E 58 56 19 A9 B2 E8 9F D7 9D FA DF 21 FE 0F FA E7 13 7D A8 96 64 DD 30 23 23 89 BD 8F E7 CB 53 21 03 DD B1 47 DE A4 49 ED D6 36 20 41 C4 87 6F 34 6A CC CA 20 6A 0A 0D 72 F5 71 4C 76 1C 05 1B 89 C8 B6 5F CD 40 EE 41 68 8D 96 87 39 63 B5 95 33 8F 36 61 FC 59 B0 D1 70 24 FD D0 F7 2F 84 4C 0E E9 8E 52 72 A2 5B 2A 38 6D D7 08 A1 70 2E 62 17 56 08 35 0D CE C5 A9 9B FB CC AC 5D A0 8D 77 57 B3 F6 9D 4A 49 1E BB C0 B7 A5 AD 82 D9 91 24 87 67 7C AD 9C 95 33 59 04 D7 6A A4 41 F6 48 4D 30 16 76 66 47 3A 41 02 64 9F F5 A8 6C A6 41 61 55 E9 E2 24 76 67 47 33 6E 11 F8 00 75 B2 20 43 12 A8 5A BB 7E F5 E4 12 
2018/8/8 17:04 - Send:07 00 DD 05 D7 BD F3 53 10 
2018/8/8 17:04 - Send:2A 00 DD 05 1E 6F DD 01 D3 A2 72 42 13 E3 B3 83 53 23 F4 C4 94 64 34 05 3B 83 3B 28 16 E6 B6 86 57 27 F7 C7 97 70 40 10 E0 B0 81 51 
2018/8/8 17:04 - Send:FE 00 DD 05 0D F9 4A 96 66 37 07 D7 A7 77 50 20 F0 C0 90 61 31 01 D1 A1 72 42 12 E2 B2 83 53 23 F3 C4 94 64 34 04 D5 A5 75 45 15 E6 B6 86 56 26 F7 C7 97 67 37 FE D0 A0 70 40 11 E1 B1 81 51 22 F2 C2 92 62 33 03 D3 A3 73 44 14 E4 B4 84 55 25 F5 C5 96 66 36 06 D6 A7 77 47 17 E7 C0 90 60 30 FE D1 A1 71 41 11 E2 B2 82 52 22 F3 C3 93 63 33 04 D4 A4 74 44 15 E5 B5 85 55 26 F6 C6 96 66 37 07 D7 A7 77 40 10 E0 B0 81 51 21 F1 C1 92 62 32 02 D2 A3 73 43 13 E3 B4 84 54 24 F4 C5 95 65 35 05 D6 A6 76 46 16 E7 B7 87 57 27 FE D0 A0 70 40 11 E1 B1 81 51 22 F2 C2 92 62 33 03 D3 A3 74 44 14 E4 B4 85 55 25 F5 C5 96 66 36 06 D6 A7 77 47 17 E7 B0 80 50 20 F0 C1 91 61 31 01 D2 A2 72 42 12 E3 B3 83 53 23 F4 C4 94 64 34 05 D5 A5 75 45 16 E6 B6 86 57 27 F7 C7 97 70 40 10 E0 B0 81 51 
2018/8/8 17:04 - Send:0F 00 DD 05 0F 37 BA C6 97 70 40 10 E0 B0 81 51 86 
2018/8/8 17:04 - Send:02 09 DD 05 81 05 9D B4 85 56 F2 61 C4 95 60 36 54 B3 CB 18 33 76 E4 B5 91 B0 32 FE D0 3F 73 41 11 CD B3 82 52 4A F2 C3 93 63 33 03 D4 A4 74 44 14 E5 B5 D1 D5 3A F7 9D CD 66 36 A2 2D A6 72 47 10 E0 B0 80 51 20 F1 C1 91 63 67 02 D2 A2 73 43 13 E3 B3 84 54 24 F4 C4 95 65 35 05 D5 A6 76 46 16 E6 B7 87 57 27 F7 D0 A0 70 40 10 E1 F8 BC F4 7B F2 C2 92 62 33 03 D3 A3 73 44 14 E4 B5 84 55 25 F5 C5 95 66 36 06 D6 A6 77 47 17 E7 B7 80 50 20 F0 C0 91 61 31 5D 8A A2 72 E4 E8 E3 B6 83 53 23 F3 C4 94 65 34 04 D5 A4 33 45 16 E6 B6 86 56 27 F7 C7 97 67 40 10 E0 B0 80 51 21 F1 C1 91 62 32 02 D2 A2 73 43 13 E3 B3 84 54 24 BD F9 30 3F 35 05 D5 A6 76 46 16 E6 B7 87 57 27 F6 C0 90 60 30 01 D1 A1 71 41 12 E2 B2 82 52 23 F3 C3 93 63 34 04 D4 A4 74 1B 4E E5 B5 22 AC 27 F3 C6 96 67 37 07 D7 A6 80 50 20 F1 E3 91 61 31 01 D1 A2 72 42 12 E2 B3 83 53 23 F4 C4 94 64 34 05 D5 A5 75 45 16 E6 B6 86 56 27 F7 C7 97 67 79 C3 75 FA 70 41 11 E1 B1 81 52 22 F2 C2 92 63 32 03 D3 A3 74 44 14 E4 B4 85 55 25 F5 C6 96 66 36 06 D7 A7 77 47 17 F0 C0 51 75 30 01 79 5B 70 44 12 E2 B2 82 52 23 F2 C3 93 63 35 86 D4 A4 74 45 15 E5 B5 85 56 26 F6 C6 96 67 37 07 D7 A7 70 40 10 E0 B1 81 51 21 F1 C2 92 62 32 02 D3 A3 3A 7E B6 BE B4 84 54 24 F5 C5 95 65 35 06 D6 A6 77 46 17 E7 B7 87 57 30 FE D0 A0 70 41 11 E1 B1 81 52 22 F2 C2 92 63 33 03 DB BC 74 44 BD 1E B4 80 55 25 F5 C6 96 66 37 06 D7 A7 76 DC 17 E0 B0 80 50 20 F1 C1 91 61 31 02 D2 A2 72 42 13 E3 B3 83 53 24 F4 C4 94 64 35 05 D5 A5 75 46 16 E6 FF BA F2 7D F7 C7 A0 70 40 10 E0 B1 81 51 21 F1 C3 92 62 32 02 D3 A3 73 43 13 E4 B4 84 54 24 F5 C5 95 65 35 06 D6 A6 76 46 F8 F0 B7 87 FD DA F1 C5 90 60 31 01 D1 A1 73 42 12 E2 B3 01 53 23 F3 C3 94 64 34 04 D4 A5 75 45 15 E5 B6 86 56 26 F6 C7 97 67 37 07 E0 B0 80 50 20 F1 C1 91 61 31 4B EF 07 28 42 13 E3 B3 83 54 24 F4 C4 94 65 35 04 D5 A5 76 46 16 E6 B6 87 57 27 F7 C7 90 60 30 FE D0 A1 71 41 11 E1 B2 82 73 3A F2 C3 38 99 32 06 D4 A4 74 44 14 E5 B4 85 55 25 F7 44 96 66 37 07 D7 A7 77 50 20 F0 C0 90 61 31 01 D1 A1 72 42 12 E2 B2 83 53 23 F3 C3 94 64 34 04 D4 A5 75 0C 28 40 EC 86 56 26 F6 C7 97 67 37 07 D0 A0 70 41 10 E1 B1 81 51 22 F2 C2 92 62 33 03 D3 A3 73 44 14 E4 B4 84 55 25 F5 C5 06 67 36 06 5E 3B 77 47 36 E5 B7 90 60 30 FE D0 A0 7C 4C 11 E1 E2 1C C7 DC F4 C3 93 63 7B B0 E4 58 55 44 DE 44 7A C7 56 26 F6 C6 96 66 37 07 D7 58 70 49 20 1F B0 80 51 21 F1 C1 91 62 32 02 D2 FD 73 43 13 E3 B3 84 54 24 F4 C4 95 65 35 85 EA A6 76 46 16 E7 B7 07 68 27 FE 50 9F 70 40 11 E1 B1 81 51 22 A6 C2 99 67 CF 07 E7 A6 76 4B 12 EB B2 84 55 25 F5 C5 95 E6 09 06 D6 26 48 47 17 67 88 0F 92 15 CF C0 91 E1 0E 01 D2 22 4D 42 12 63 8C 7C 6B 1D 5F 3B B1 3F 6B FA F0 FE 2A BA 18 E8 2C 86 56 27 F7 47 97 67 40 00 E0 B0 71 51 00 2C 0D D1 58 39 09 29 A1 73 B5 E6 2C BF 84 85 24 B3 C5 9E A9 A9 05 D6 A6 76 AE 16 E7 B7 87 8E 98 F0 C0 90 60 30 01 D1 AD 8B 5F 12 F0 53 8E 52 1D D2 A7 B0 40 DA 12 D4 A4 74 AD 15 FD 5D 3C BE 26 D4 F1 96 9B 37 07 D7 B0 4F 9C 20 F0 C1 91 61 31 01 D2 A2 72 42 12 E3 B3 83 53 23 F4 C4 94 64 34 05 D5 A5 75 45 16 E6 B6 86 56 27 F7 C7 97 67 30 FE D0 A0 70 41 11 E1 B1 09 41 50 77 EF C8 63 33 03 D3 A4 74 E6 CD CD EE 85 55 25 F5 C6 96 66 36 A4 0E 8E 2C 47 17 F0 C0 90 60 30 01 D4 23 5C 1A 12 E2 B2 82 4C 23 F3 C3 93 63 34 04 D4 A4 75 45 15 E5 B5 86 56 26 F6 C6 97 67 37 07 D7 A0 70 40 10 E0 B1 81 51 21 F1 C2 92 62 32 02 D3 A3 73 43 13 E4 B4 84 54 24 F5 C5 8B 65 35 06 D6 A6 76 46 17 E7 B7 87 60 30 FE D0 A0 71 41 11 E1 B1 82 52 22 F3 C2 93 63 32 03 D3 A4 74 44 14 E4 A1 15 6A 7E F5 C6 96 66 36 06 D7 A7 77 D1 F0 E1 B0 86 50 64 94 B7 F4 0D 5E 03 D0 A3 A2 41 13 E3 2D 81 54 24 D8 C5 94 65 50 05 D5 A5 76 46 16 E6 B6 87 57 27 F7 C7 F4 F0 5F 11 BB EA 81 51 91 32 A9 94 62 32 02 D3 A3 73 42 13 E4 B4 85 01 24 F5 C5 95 65 36 06 D6 A6 76 47 17 E7 B7 87 50 20 F0 C0 90 61 31 01 D1 A1 72 42 12 E2 B2 83 53 23 F3 5B 14 49 6F 04 D4 A5 75 45 15 E5 B6 86 56 26 F6 C6 97 67 37 07 E0 B0 80 50 21 F1 C1 91 61 32 02 D2 A2 72 43 13 E3 B3 83 54 78 AF C4 94 D4 F6 6E D3 A5 76 46 16 E6 B6 86 57 27 F7 C6 D6 60 30 FE D0 A1 71 41 11 E1 B2 82 52 22 F3 C3 93 63 33 04 D4 A4 74 44 15 E5 B5 85 55 26 F6 C6 96 66 37 9F 57 8A 2C 50 20 F0 C0 90 61 31 01 D1 A1 72 42 13 E2 B2 83 53 23 F3 C3 94 64 34 04 D4 A5 75 45 15 E6 B6 86 56 26 F7 C7 97 39 6C FE D0 12 B3 2B 17 E1 B1 81 51 22 F2 C3 92 62 33 02 F0 A3 73 44 14 E4 B4 84 55 25 F5 C5 95 66 36 06 D6 A6 77 47 17 E7 B7 90 60 30 FE D1 A1 71 41 11 E2 B2 82 CA A2 DE 98 93 63 33 04 D4 A4 74 44 15 E5 B5 85 54 26 F6 C6 96 66 37 07 D7 A7 77 40 10 E0 B0 80 51 21 F1 C1 91 62 32 02 D2 63 66 43 13 50 77 EF 52 24 F4 C5 95 65 35 04 D6 A6 76 47 94 E7 B7 87 57 27 FE D0 A0 70 40 11 E1 B1 81 51 22 F2 C2 92 62 33 03 D3 A3 73 44 14 E4 B4 84 55 25 F5 C5 0E E6 1B 5D D6 A7 77 47 17 E7 B0 80 50 20 F0 C1 90 61 31 01 D2 A2 72 42 12 E3 B3 83 53 23 F4 C4 94 64 34 05 D5 A5 75 45 16 EE AE 86 56 93 34 AC 91 67 40 10 E0 B0 81 50 21 F1 C1 93 F9 32 02 D2 A3 73 43 13 E3 B4 84 54 24 F4 C5 95 65 35 05 D6 A6 76 46 16 E7 B7 87 57 27 F0 C0 90 60 30 01 49 21 5C 1A 12 E2 B2 82 52 23 F3 C3 93 64 34 04 D5 A4 75 45 15 E5 B5 86 56 26 F6 C6 97 67 37 07 D7 B0 80 50 20 F0 C1 91 61 DE 16 D2 A2 C7 81 79 E5 B3 83 53 23 F4 C4 95 64 34 05 D4 27 75 45 16 E6 B6 86 57 27 F7 C7 97 60 30 FE D0 A0 71 41 11 E1 B1 82 52 22 F2 C2 93 63 33 03 D3 A4 74 44 8C 64 98 DE 55 25 F5 C6 96 66 36 06 D7 A7 77 47 16 F0 C0 90 60 30 01 D1 A1 71 42 12 E2 B2 82 53 23 F3 C3 93 64 34 04 D4 A4 54 5D 15 E5 03 45 3D 20 F6 C6 97 67 37 07 D6 A0 70 40 11 62 B1 81 51 21 F1 C2 92 62 32 02 D3 A3 73 43 14 E4 B4 84 54 25 F5 C5 95 65 36 06 D6 A6 76 47 17 E7 B7 87 F8 B0 D3 8B A0 71 41 11 E1 B1 82 52 22 F2 C2 93 62 33 03 D3 A4 74 44 14 E4 B5 85 55 25 F5 C6 96 66 36 07 D7 A7 77 47 10 E0 CF CD 50 21 ED A2 91 61 29 00 D2 A2 72 43 13 E3 B2 8E 59 24 F4 44 A9 3B 31 02 D5 A5 76 82 03 81 4F A6 57 EC 56 08 E2 73 8B 00 E0 B1 81 51 21 F2 C2 92 62 32 03 D3 A3 73 43 14 E4 B4 84 54 25 F5 C1 95 65 36 06 D6 A6 76 47 17 E7 B7 87 50 A0 CF C0 90 61 31 01 D1 21 4D 42 12 62 8D 83 53 23 F3 C3 94 64 34 00 D5 19 74 EF 15 E6 B6 86 56 26 F7 C7 97 67 B7 2F E0 B0 00 6F 21 F1 41 AE EE F0 37 ED A2 72 C3 2C E3 B3 03 6B 24 F4 44 AB 86 4E 8E 2A 0A 9A A9 E9 49 5B 68 A8 7F BF F8 6F 60 30 FE D1 21 71 41 FE E2 5D 82 BC 22 F2 C0 93 63 33 04 D4 A4 65 44 15 E5 B5 85 AB 26 F0 FD 2F 66 EF 07 39 A7 A3 50 08 EB 2B 71 61 D6 01 21 95 51 42 12 E2 B3 83 37 23 F3 C4 94 64 34 04 B1 A5 75 45 E5 E6 B6 86 56 26 F7 C7 BC B2 37 FE D0 C4 70 40 11 E1 48 81 51 22 12 C2 92 62 33 03 D3 A3 73 44 14 E4 B4 85 55 25 F5 C5 96 66 36 06 D6 A7 77 47 17 E7 C0 90 60 30 FE D1 A1 71 41 11 E2 B2 82 52 22 F3 C3 93 EB 20 76 51 89 2F 44 15 E5 B5 85 55 84 2F EF CD 66 37 07 D7 A7 70 40 10 42 69 A8 0A 21 F1 C1 92 62 32 02 D2 A6 F1 6E 48 E3 B4 84 54 24 F4 C5 95 65 35 05 D6 A6 76 46 16 E7 B7 87 57 27 FE D0 A0 70 40 11 E1 B1 81 51 22 F2 C2 92 63 33 03 D3 A3 74 44 14 E4 B4 85 55 25 F5 C5 96 66 36 06 D6 A7 69 47 17 E7 B0 80 50 20 F0 C1 91 61 31 01 D2 A2 72 42 12 E3 B3 83 53 23 F4 C5 94 64 35 04 D5 A5 75 46 16 E6 B6 92 C7 18 AC C7 97 70 40 10 E0 B0 81 51 
2018/8/8 17:04 - Send:24 00 DD 05 35 F1 FC 82 52 23 F4 C4 95 64 34 05 D5 5A 75 45 16 E6 34 B7 D4 7D F7 C7 97 70 40 10 E0 B0 81 51 42 72 
2018/8/8 17:04 - Send:1D 00 DD 05 CF 77 71 04 02 31 74 45 17 E6 BD 86 21 42 85 B4 FE 1F 2E 30 D1 BD 8B 5D C4 F4 23 
2018/8/8 17:04 - Send:1D 00 DD 05 A4 70 71 04 02 31 74 45 14 E6 BD 86 21 42 85 B4 FE 1F 2E 30 D2 BD 8B 5D C4 F4 23 
2018/8/8 17:04 - Send:1D 00 DD 05 AF 71 B6 07 43 42 74 45 14 E6 BD 86 21 42 85 B4 FE 1F 2E 30 D2 BD 8B 5D C4 F4 23 
2018/8/8 17:04 - Send:28 00 DD 05 B6 B4 F0 40 84 04 B2 83 52 23 E2 C4 A3 52 02 30 E2 97 42 76 20 DF 80 C0 61 62 C5 F7 A4 42 70 54 D0 F1 8D 51 01 31 
2018/8/8 17:04 - Recv:13 00 17 05 39 D5 A4 B1 ED 3B C8 CC 8A 8C 9E 8C 70 60 47 0B AE 13 00 17 05 39 9D 31 63 DA DB 2C E1 C8 58 66 C0 53 80 B1 12 93 13 00 17 05 39 0E B9 3E 2D B0 95 FD 4D 0D 69 4B 20 BB 67 72 04 13 00 17 05 39 C9 8C 83 2A E2 A5 C3 34 37 37 5E E1 32 AF F7 C6 
2018/8/8 17:04 - Receive undefined rc23包 Level - 5 Op - 0xD539
2018/8/8 17:04 - Recv:18 00 17 02 12 00 AA B4 83 02 00 00 00 00 57 55 2A 1C 07 00 00 00 E4 77 00 00 
2018/8/8 17:04 - Send:2C 00 DD 02 13 00 AA B4 83 02 00 00 00 00 57 55 2A 1C 07 00 00 00 00 00 00 00 00 00 00 00 80 28 2A 1C 07 00 00 00 E4 77 00 00 50 F6 D1 01 
2018/8/8 17:04 - Recv:18 00 17 02 12 00 AA B4 83 02 00 00 00 00 19 4E 2E 1C 07 00 00 00 EF 78 00 00 
2018/8/8 17:04 - Send:2C 00 DD 02 13 00 AA B4 83 02 00 00 00 00 19 4E 2E 1C 07 00 00 00 00 00 00 00 00 00 00 00 90 37 2E 1C 07 00 00 00 EF 78 00 00 5A F7 D1 01 
2018/8/8 17:04 - Recv:18 00 17 02 12 00 AA B4 83 02 00 00 00 00 BA 4E 32 1C 07 00 00 00 FA 79 00 00 
2018/8/8 17:04 - Send:2C 00 DD 02 13 00 AA B4 83 02 00 00 00 00 BA 4E 32 1C 07 00 00 00 00 00 00 00 00 00 00 00 A0 46 32 1C 07 00 00 00 FA 79 00 00 64 F8 D1 01 
2018/8/8 17:04 - Recv:18 00 17 02 12 00 AA B4 83 02 00 00 00 00 40 2C 36 1C 07 00 00 00 F4 7A 00 00 
2018/8/8 17:04 - Send:2C 00 DD 02 13 00 AA B4 83 02 00 00 00 00 40 2C 36 1C 07 00 00 00 00 00 00 00 00 00 00 00 30 17 36 1C 07 00 00 00 F4 7A 00 00 5E F9 D1 01 
2018/8/8 17:04 - Recv:18 00 17 02 12 00 AA B4 83 02 00 00 00 00 E8 4F 3A 1C 07 00 00 00 07 7C 00 00 
2018/8/8 17:04 - Send:2C 00 DD 02 13 00 AA B4 83 02 00 00 00 00 E8 4F 3A 1C 07 00 00 00 00 00 00 00 00 00 00 00 58 22 3A 1C 07 00 00 00 07 7C 00 00 67 FA D1 01 
2018/8/8 17:04 - Recv:18 00 17 02 12 00 AA B4 83 02 00 00 00 00 9E 4C 3E 1C 07 00 00 00 0A 7D 00 00 
2018/8/8 17:04 - Send:2C 00 DD 02 13 00 AA B4 83 02 00 00 00 00 9E 4C 3E 1C 07 00 00 00 00 00 00 00 00 00 00 00 68 31 3E 1C 07 00 00 00 0A 7D 00 00 71 FB D1 01 
2018/8/8 17:04 - Recv:18 00 17 02 12 00 AA B4 83 02 00 00 00 00 6F 45 42 1C 07 00 00 00 0C 7E 00 00 
2018/8/8 17:04 - Send:2C 00 DD 02 13 00 AA B4 83 02 00 00 00 00 6F 45 42 1C 07 00 00 00 00 00 00 00 00 00 00 00 78 40 42 1C 07 00 00 00 0C 7E 00 00 7B FC D1 01 
2018/8/8 17:04 - Recv:18 00 17 02 12 00 AA B4 83 02 00 00 00 00 9B 55 46 1C 07 00 00 00 79 7E 00 00 
2018/8/8 17:04 - Send:2C 00 DD 02 13 00 AA B4 83 02 00 00 00 00 9B 55 46 1C 07 00 00 00 00 00 00 00 00 00 00 00 A0 4B 46 1C 07 00 00 00 79 7E 00 00 84 FD D1 01 
2018/8/8 17:04 - Recv:18 00 17 02 12 00 AA B4 83 02 00 00 00 00 B1 69 4A 1C 07 00 00 00 79 7E 00 00 
2018/8/8 17:04 - Send:2C 00 DD 02 13 00 AA B4 83 02 00 00 00 00 B1 69 4A 1C 07 00 00 00 00 00 00 00 00 00 00 00 B0 5A 4A 1C 07 00 00 00 79 7E 00 00 8E FE D1 01 
2018/8/8 17:04 - Recv:13 00 17 05 37 33 C4 30 87 53 FA BB C4 BE 53 4A 76 15 33 F2 CD 
2018/8/8 17:04 - Receive undefined rc23包 Level - 5 Op - 0x3337
2018/8/8 17:04 - Recv:18 00 17 02 12 00 AA B4 83 02 00 00 00 00 F5 9C 4E 1C 07 00 00 00 87 7E 00 00 
2018/8/8 17:04 - Send:2C 00 DD 02 13 00 AA B4 83 02 00 00 00 00 F5 9C 4E 1C 07 00 00 00 00 00 00 00 00 00 00 00 D8 E2 4E 1C 07 00 00 00 87 7E 00 00 B7 FF D1 01 
2018/8/8 17:04 - Recv:18 00 17 02 12 00 AA B4 83 02 00 00 00 00 2C AD 52 1C 07 00 00 00 DF 7E 00 00 
2018/8/8 17:04 - Send:2C 00 DD 02 13 00 AA B4 83 02 00 00 00 00 2C AD 52 1C 07 00 00 00 00 00 00 00 00 00 00 00 68 B3 52 1C 07 00 00 00 DF 7E 00 00 B1 00 D2 01 
2018/8/8 17:04 - Recv:18 00 17 02 12 00 AA B4 83 02 00 00 00 00 41 9F 56 1C 07 00 00 00 34 81 00 00 
2018/8/8 17:04 - Send:2C 00 DD 02 13 00 AA B4 83 02 00 00 00 00 41 9F 56 1C 07 00 00 00 00 00 00 00 00 00 00 00 90 BE 56 1C 07 00 00 00 34 81 00 00 BA 01 D2 01 
2018/8/8 17:04 - Recv:18 00 17 02 12 00 AA B4 83 02 00 00 00 00 B0 7D 5A 1C 07 00 00 00 31 82 00 00 
2018/8/8 17:04 - Send:2C 00 DD 02 13 00 AA B4 83 02 00 00 00 00 B0 7D 5A 1C 07 00 00 00 00 00 00 00 00 00 00 00 20 8F 5A 1C 07 00 00 00 31 82 00 00 B4 02 D2 01 
2018/8/8 17:04 - Recv:18 00 17 02 12 00 AA B4 83 02 00 00 00 00 D8 75 5E 1C 07 00 00 00 55 83 00 00 
2018/8/8 17:04 - Send:2C 00 DD 02 13 00 AA B4 83 02 00 00 00 00 D8 75 5E 1C 07 00 00 00 00 00 00 00 00 00 00 00 B0 5F 5E 1C 07 00 00 00 55 83 00 00 AE 03 D2 01 
2018/8/8 17:04 - Recv:18 00 17 02 12 00 AA B4 83 02 00 00 00 00 BA 9E 62 1C 07 00 00 00 54 84 00 00 
2018/8/8 17:04 - Send:2C 00 DD 02 13 00 AA B4 83 02 00 00 00 00 BA 9E 62 1C 07 00 00 00 00 00 00 00 00 00 00 00 40 AD 62 1C 07 00 00 00 54 84 00 00 C8 04 D2 01 
2018/8/8 17:04 - Recv:18 00 17 02 12 00 AA B4 83 02 00 00 00 00 3A B0 66 1C 07 00 00 00 63 85 00 00 
2018/8/8 17:04 - Send:2C 00 DD 02 13 00 AA B4 83 02 00 00 00 00 3A B0 66 1C 07 00 00 00 00 00 00 00 00 00 00 00 E8 F6 66 1C 07 00 00 00 63 85 00 00 E1 05 D2 01 
2018/8/8 17:04 - Recv:18 00 17 02 12 00 AA B4 83 02 00 00 00 00 83 A0 6A 1C 07 00 00 00 4D 86 00 00 
2018/8/8 17:04 - Send:2C 00 DD 02 13 00 AA B4 83 02 00 00 00 00 83 A0 6A 1C 07 00 00 00 00 00 00 00 00 00 00 00 78 C7 6A 1C 07 00 00 00 4D 86 00 00 DB 06 D2 01 
2018/8/8 17:04 - Recv:18 00 17 02 12 00 AA B4 83 02 00 00 00 00 58 73 6E 1C 07 00 00 00 5E 87 00 00 
2018/8/8 17:04 - Send:2C 00 DD 02 13 00 AA B4 83 02 00 00 00 00 58 73 6E 1C 07 00 00 00 00 00 00 00 00 00 00 00 88 59 6E 1C 07 00 00 00 5E 87 00 00 C5 07 D2 01 
2018/8/8 17:04 - Recv:18 00 17 02 12 00 AA B4 83 02 00 00 00 00 C1 9B 72 1C 07 00 00 00 67 88 00 00 
2018/8/8 17:04 - Send:2C 00 DD 02 13 00 AA B4 83 02 00 00 00 00 C1 9B 72 1C 07 00 00 00 00 00 00 00 00 00 00 00 B0 E1 72 1C 07 00 00 00 67 88 00 00 EE 08 D2 01 
2018/8/8 17:04 - Recv:18 00 17 02 12 00 AA B4 83 02 00 00 00 00 2D 74 76 1C 07 00 00 00 60 89 00 00 
2018/8/8 17:04 - Send:2C 00 DD 02 13 00 AA B4 83 02 00 00 00 00 2D 74 76 1C 07 00 00 00 00 00 00 00 00 00 00 00 C0 73 76 1C 07 00 00 00 60 89 00 00 D8 09 D2 01 
2018/8/8 17:04 - Recv:18 00 17 02 12 00 AA B4 83 02 00 00 00 00 3D 60 7A 1C 07 00 00 00 72 8A 00 00 
2018/8/8 17:04 - Send:2C 00 DD 02 13 00 AA B4 83 02 00 00 00 00 3D 60 7A 1C 07 00 00 00 00 00 00 00 00 00 00 00 50 44 7A 1C 07 00 00 00 72 8A 00 00 D2 0A D2 01 
2018/8/8 17:04 - Recv:18 00 17 02 12 00 AA B4 83 02 00 00 00 00 69 5B 7E 1C 07 00 00 00 6C 8B 00 00 
2018/8/8 17:04 - Send:2C 00 DD 02 13 00 AA B4 83 02 00 00 00 00 69 5B 7E 1C 07 00 00 00 00 00 00 00 00 00 00 00 60 53 7E 1C 07 00 00 00 6C 8B 00 00 DC 0B D2 01 
2018/8/8 17:04 - Recv:18 00 17 02 12 00 AA B4 83 02 00 00 00 00 11 7C 82 1C 07 00 00 00 5A 8C 00 00 
2018/8/8 17:04 - Send:2C 00 DD 02 13 00 AA B4 83 02 00 00 00 00 11 7C 82 1C 07 00 00 00 00 00 00 00 00 00 00 00 70 62 82 1C 07 00 00 00 5A 8C 00 00 E6 0C D2 01 
2018/8/8 17:04 - Recv:18 00 17 02 12 00 AA B4 83 02 00 00 00 00 03 5D 86 1C 07 00 00 00 7B 8D 00 00 
2018/8/8 17:04 - Send:2C 00 DD 02 13 00 AA B4 83 02 00 00 00 00 03 5D 86 1C 07 00 00 00 00 00 00 00 00 00 00 00 98 6D 86 1C 07 00 00 00 7B 8D 00 00 EF 0D D2 01 
2018/8/8 17:04 - Recv:18 00 17 02 12 00 AA B4 83 02 00 00 00 00 72 75 8A 1C 07 00 00 00 7A 8E 00 00 
2018/8/8 17:04 - Send:2C 00 DD 02 13 00 AA B4 83 02 00 00 00 00 72 75 8A 1C 07 00 00 00 00 00 00 00 00 00 00 00 28 3E 8A 1C 07 00 00 00 7A 8E 00 00 E9 0E D2 01 
2018/8/8 17:04 - Recv:18 00 17 02 12 00 AA B4 83 02 00 00 00 00 7C 4F 8E 1C 07 00 00 00 57 8F 00 00 
2018/8/8 17:04 - Send:2C 00 DD 02 13 00 AA B4 83 02 00 00 00 00 7C 4F 8E 1C 07 00 00 00 00 00 00 00 00 00 00 00 38 4D 8E 1C 07 00 00 00 57 8F 00 00 F3 0F D2 01 
2018/8/8 17:04 - Recv:18 00 17 02 12 00 AA B4 83 02 00 00 00 00 35 5E 92 1C 07 00 00 00 84 90 00 00 
2018/8/8 17:04 - Send:2C 00 DD 02 13 00 AA B4 83 02 00 00 00 00 35 5E 92 1C 07 00 00 00 00 00 00 00 00 00 00 00 E0 96 92 1C 07 00 00 00 84 90 00 00 0C 11 D2 01 
2018/8/8 17:04 - Recv:18 00 17 02 12 00 AA B4 83 02 00 00 00 00 B5 38 96 1C 07 00 00 00 77 91 00 00 
2018/8/8 17:04 - Send:2C 00 DD 02 13 00 AA B4 83 02 00 00 00 00 B5 38 96 1C 07 00 00 00 00 00 00 00 00 00 00 00 D8 2C 96 1C 07 00 00 00 77 91 00 00 F7 11 D2 01 
2018/8/8 17:04 - Recv:18 00 17 02 12 00 AA B4 83 02 00 00 00 00 C7 3C 9A 1C 07 00 00 00 7F 92 00 00 
2018/8/8 17:04 - Send:2C 00 DD 02 13 00 AA B4 83 02 00 00 00 00 C7 3C 9A 1C 07 00 00 00 00 00 00 00 00 00 00 00 18 B1 9A 1C 07 00 00 00 7F 92 00 00 1F 13 D2 01 
2018/8/8 17:04 - Recv:18 00 17 02 12 00 AA B4 83 02 00 00 00 00 AC 3C 9E 1C 07 00 00 00 93 93 00 00 
2018/8/8 17:04 - Send:2C 00 DD 02 13 00 AA B4 83 02 00 00 00 00 AC 3C 9E 1C 07 00 00 00 00 00 00 00 00 00 00 00 90 08 9E 1C 07 00 00 00 93 93 00 00 FA 13 D2 01 
2018/8/8 17:04 - Recv:18 00 17 02 12 00 AA B4 83 02 00 00 00 00 C5 12 A2 1C 07 00 00 00 8A 94 00 00 
2018/8/8 17:04 - Send:2C 00 DD 02 13 00 AA B4 83 02 00 00 00 00 C5 12 A2 1C 07 00 00 00 00 00 00 00 00 00 00 00 A0 17 A2 1C 07 00 00 00 8A 94 00 00 04 15 D2 01 
2018/8/8 17:04 - Recv:18 00 17 02 12 00 AA B4 83 02 00 00 00 00 0F EE A5 1C 07 00 00 00 83 95 00 00 
2018/8/8 17:04 - Send:2C 00 DD 02 13 00 AA B4 83 02 00 00 00 00 0F EE A5 1C 07 00 00 00 00 00 00 00 00 00 00 00 30 E8 A5 1C 07 00 00 00 83 95 00 00 FE 15 D2 01 
2018/8/8 17:04 - Recv:18 00 17 02 12 00 AA B4 83 02 00 00 00 00 CC F2 A9 1C 07 00 00 00 87 96 00 00 
2018/8/8 17:04 - Send:2C 00 DD 02 13 00 AA B4 83 02 00 00 00 00 CC F2 A9 1C 07 00 00 00 00 00 00 00 00 00 00 00 58 F3 A9 1C 07 00 00 00 87 96 00 00 07 17 D2 01 
2018/8/8 17:04 - Recv:18 00 17 02 12 00 AA B4 83 02 00 00 00 00 16 C4 AD 1C 07 00 00 00 89 97 00 00 
2018/8/8 17:04 - Send:2C 00 DD 02 13 00 AA B4 83 02 00 00 00 00 16 C4 AD 1C 07 00 00 00 00 00 00 00 00 00 00 00 E8 C3 AD 1C 07 00 00 00 89 97 00 00 01 18 D2 01 
2018/8/8 17:04 - Recv:18 00 17 02 12 00 AA B4 83 02 00 00 00 00 B8 99 B1 1C 07 00 00 00 7D 98 00 00 
2018/8/8 17:04 - Send:2C 00 DD 02 13 00 AA B4 83 02 00 00 00 00 B8 99 B1 1C 07 00 00 00 00 00 00 00 00 00 00 00 78 94 B1 1C 07 00 00 00 7D 98 00 00 FB 18 D2 01 
2018/8/8 17:04 - Recv:18 00 17 02 12 00 AA B4 83 02 00 00 00 00 2D C5 B5 1C 07 00 00 00 98 99 00 00 
2018/8/8 17:04 - Send:2C 00 DD 02 13 00 AA B4 83 02 00 00 00 00 2D C5 B5 1C 07 00 00 00 00 00 00 00 00 00 00 00 88 A3 B5 1C 07 00 00 00 98 99 00 00 05 1A D2 01 
2018/8/8 17:04 - Recv:18 00 17 02 12 00 AA B4 83 02 00 00 00 00 86 BE B9 1C 07 00 00 00 8F 9A 00 00 
2018/8/8 17:04 - Send:2C 00 DD 02 13 00 AA B4 83 02 00 00 00 00 86 BE B9 1C 07 00 00 00 00 00 00 00 00 00 00 00 98 B2 B9 1C 07 00 00 00 8F 9A 00 00 0F 1B D2 01 
2018/8/8 17:04 - Recv:18 00 17 02 12 00 AA B4 83 02 00 00 00 00 10 9A BD 1C 07 00 00 00 99 9B 00 00 
2018/8/8 17:04 - Send:2C 00 DD 02 13 00 AA B4 83 02 00 00 00 00 10 9A BD 1C 07 00 00 00 00 00 00 00 00 00 00 00 28 83 BD 1C 07 00 00 00 99 9B 00 00 09 1C D2 01 
2018/8/8 17:04 - Recv:18 00 17 02 12 00 AA B4 83 02 00 00 00 00 0F 8C C1 1C 07 00 00 00 93 9C 00 00 
2018/8/8 17:04 - Send:2C 00 DD 02 13 00 AA B4 83 02 00 00 00 00 0F 8C C1 1C 07 00 00 00 00 00 00 00 00 00 00 00 50 8E C1 1C 07 00 00 00 93 9C 00 00 12 1D D2 01 
2018/8/8 17:04 - Recv:18 00 17 02 12 00 AA B4 83 02 00 00 00 00 FD 85 C5 1C 07 00 00 00 99 9D 00 00 
2018/8/8 17:04 - Send:2C 00 DD 02 13 00 AA B4 83 02 00 00 00 00 FD 85 C5 1C 07 00 00 00 00 00 00 00 00 00 00 00 E0 5E C5 1C 07 00 00 00 99 9D 00 00 0C 1E D2 01 
2018/8/8 17:04 - Recv:18 00 17 02 12 00 AA B4 83 02 00 00 00 00 A1 84 C9 1C 07 00 00 00 69 9E 00 00 
2018/8/8 17:04 - Send:2C 00 DD 02 13 00 AA B4 83 02 00 00 00 00 A1 84 C9 1C 07 00 00 00 00 00 00 00 00 00 00 00 20 DD CA 1C 07 00 00 00 69 9E 00 00 74 1F D2 01 
2018/8/8 17:04 - Recv:18 00 17 02 12 00 AA B4 83 02 00 00 00 00 3C AC CD 1C 07 00 00 00 C5 9F 00 00 
2018/8/8 17:04 - Send:2C 00 DD 02 13 00 AA B4 83 02 00 00 00 00 3C AC CD 1C 07 00 00 00 00 00 00 00 00 00 00 00 98 B7 CD 1C 07 00 00 00 C5 9F 00 00 2F 20 D2 01 
2018/8/8 17:04 - Recv:18 00 17 02 12 00 AA B4 83 02 00 00 00 00 6B 95 D1 1C 07 00 00 00 B9 A0 00 00 
2018/8/8 17:04 - Send:2C 00 DD 02 13 00 AA B4 83 02 00 00 00 00 6B 95 D1 1C 07 00 00 00 00 00 00 00 00 00 00 00 28 88 D1 1C 07 00 00 00 B9 A0 00 00 29 21 D2 01 
2018/8/8 17:04 - Recv:18 00 17 02 12 00 AA B4 83 02 00 00 00 00 D9 76 D5 1C 07 00 00 00 BE A1 00 00 
2018/8/8 17:04 - Send:2C 00 DD 02 13 00 AA B4 83 02 00 00 00 00 D9 76 D5 1C 07 00 00 00 00 00 00 00 00 00 00 00 B8 58 D5 1C 07 00 00 00 BE A1 00 00 23 22 D2 01 
2018/8/8 17:04 - Recv:18 00 17 02 12 00 AA B4 83 02 00 00 00 00 64 6B D9 1C 07 00 00 00 CE A2 00 00 
2018/8/8 17:04 - Send:2C 00 DD 02 13 00 AA B4 83 02 00 00 00 00 64 6B D9 1C 07 00 00 00 00 00 00 00 00 00 00 00 C8 67 D9 1C 07 00 00 00 CE A2 00 00 2D 23 D2 01 
2018/8/8 17:04 - Recv:18 00 17 02 12 00 AA B4 83 02 00 00 00 00 2A 8D DD 1C 07 00 00 00 E4 A3 00 00 
2018/8/8 17:04 - Send:2C 00 DD 02 13 00 AA B4 83 02 00 00 00 00 2A 8D DD 1C 07 00 00 00 00 00 00 00 00 00 00 00 F0 72 DD 1C 07 00 00 00 E4 A3 00 00 36 24 D2 01 
2018/8/8 17:04 - Recv:18 00 17 02 12 00 AA B4 83 02 00 00 00 00 7D 72 E1 1C 07 00 00 00 DF A4 00 00 
2018/8/8 17:04 - Send:2C 00 DD 02 13 00 AA B4 83 02 00 00 00 00 7D 72 E1 1C 07 00 00 00 00 00 00 00 00 00 00 00 80 43 E1 1C 07 00 00 00 DF A4 00 00 30 25 D2 01 
2018/8/8 17:04 - Recv:18 00 17 02 12 00 AA B4 83 02 00 00 00 00 B8 5B E5 1C 07 00 00 00 DD A5 00 00 
2018/8/8 17:04 - Send:2C 00 DD 02 13 00 AA B4 83 02 00 00 00 00 B8 5B E5 1C 07 00 00 00 00 00 00 00 00 00 00 00 90 52 E5 1C 07 00 00 00 DD A5 00 00 3A 26 D2 01 
2018/8/8 17:04 - Recv:18 00 17 02 12 00 AA B4 83 02 00 00 00 00 54 5C E9 1C 07 00 00 00 E0 A6 00 00 
2018/8/8 17:04 - Send:2C 00 DD 02 13 00 AA B4 83 02 00 00 00 00 54 5C E9 1C 07 00 00 00 00 00 00 00 00 00 00 00 20 23 E9 1C 07 00 00 00 E0 A6 00 00 34 27 D2 01 
2018/8/8 17:04 - Recv:18 00 17 02 12 00 AA B4 83 02 00 00 00 00 1E 56 ED 1C 07 00 00 00 E0 A7 00 00 
2018/8/8 17:04 - Send:2C 00 DD 02 13 00 AA B4 83 02 00 00 00 00 1E 56 ED 1C 07 00 00 00 00 00 00 00 00 00 00 00 30 32 ED 1C 07 00 00 00 E0 A7 00 00 3E 28 D2 01 
2018/8/8 17:04 - Recv:18 00 17 02 12 00 AA B4 83 02 00 00 00 00 C2 2F F1 1C 07 00 00 00 D2 A8 00 00 
2018/8/8 17:04 - Send:2C 00 DD 02 13 00 AA B4 83 02 00 00 00 00 C2 2F F1 1C 07 00 00 00 00 00 00 00 00 00 00 00 58 3D F1 1C 07 00 00 00 D2 A8 00 00 47 29 D2 01 
2018/8/8 17:04 - Recv:18 00 17 02 12 00 AA B4 83 02 00 00 00 00 FB 18 F5 1C 07 00 00 00 97 A9 00 00 
2018/8/8 17:04 - Send:2C 00 DD 02 13 00 AA B4 83 02 00 00 00 00 FB 18 F5 1C 07 00 00 00 00 00 00 00 00 00 00 00 68 4C F5 1C 07 00 00 00 97 A9 00 00 51 2A D2 01 
2018/8/8 17:04 - Recv:18 00 17 02 12 00 AA B4 83 02 00 00 00 00 A5 F2 F8 1C 07 00 00 00 FB AA 00 00 
2018/8/8 17:04 - Send:2C 00 DD 02 13 00 AA B4 83 02 00 00 00 00 A5 F2 F8 1C 07 00 00 00 00 00 00 00 00 00 00 00 78 DE F8 1C 07 00 00 00 FB AA 00 00 3B 2B D2 01 
2018/8/8 17:04 - Recv:18 00 17 02 12 00 AA B4 83 02 00 00 00 00 40 27 FD 1C 07 00 00 00 FD AB 00 00 
2018/8/8 17:04 - Send:2C 00 DD 02 13 00 AA B4 83 02 00 00 00 00 40 27 FD 1C 07 00 00 00 00 00 00 00 00 00 00 00 08 2C FD 1C 07 00 00 00 FD AB 00 00 55 2C D2 01 
2018/8/8 17:04 - Recv:18 00 17 02 12 00 AA B4 83 02 00 00 00 00 77 18 01 1D 07 00 00 00 FB AC 00 00 
2018/8/8 17:04 - Send:2C 00 DD 02 13 00 AA B4 83 02 00 00 00 00 77 18 01 1D 07 00 00 00 00 00 00 00 00 00 00 00 98 FC 00 1D 07 00 00 00 FB AC 00 00 4F 2D D2 01 
2018/8/8 17:04 - Recv:18 00 17 02 12 00 AA B4 83 02 00 00 00 00 0C 19 05 1D 07 00 00 00 06 AE 00 00 
2018/8/8 17:04 - Send:2C 00 DD 02 13 00 AA B4 83 02 00 00 00 00 0C 19 05 1D 07 00 00 00 00 00 00 00 00 00 00 00 C0 07 05 1D 07 00 00 00 06 AE 00 00 58 2E D2 01 
2018/8/8 17:04 - Recv:18 00 17 02 12 00 AA B4 83 02 00 00 00 00 14 0A 09 1D 07 00 00 00 0B AF 00 00 
2018/8/8 17:04 - Send:2C 00 DD 02 13 00 AA B4 83 02 00 00 00 00 14 0A 09 1D 07 00 00 00 00 00 00 00 00 00 00 00 68 51 09 1D 07 00 00 00 0B AF 00 00 71 2F D2 01 
2018/8/8 17:04 - Recv:18 00 17 02 12 00 AA B4 83 02 00 00 00 00 99 E7 0C 1D 07 00 00 00 6F AF 00 00 
2018/8/8 17:04 - Send:2C 00 DD 02 13 00 AA B4 83 02 00 00 00 00 99 E7 0C 1D 07 00 00 00 00 00 00 00 00 00 00 00 60 E7 0C 1D 07 00 00 00 6F AF 00 00 5C 30 D2 01 
2018/8/8 17:04 - Recv:18 00 17 02 12 00 AA B4 83 02 00 00 00 00 4C C3 10 1D 07 00 00 00 F8 B0 00 00 
2018/8/8 17:04 - Send:2C 00 DD 02 13 00 AA B4 83 02 00 00 00 00 4C C3 10 1D 07 00 00 00 00 00 00 00 00 00 00 00 F0 B7 10 1D 07 00 00 00 F8 B0 00 00 56 31 D2 01 
2018/8/8 17:04 - Recv:18 00 17 02 12 00 AA B4 83 02 00 00 00 00 7E 9E 14 1D 07 00 00 00 14 B2 00 00 
2018/8/8 17:04 - Send:2C 00 DD 02 13 00 AA B4 83 02 00 00 00 00 7E 9E 14 1D 07 00 00 00 00 00 00 00 00 00 00 00 98 01 15 1D 07 00 00 00 14 B2 00 00 6F 32 D2 01 
2018/8/8 17:04 - Recv:18 00 17 02 12 00 AA B4 83 02 00 00 00 00 D0 8E 18 1D 07 00 00 00 12 B3 00 00 
2018/8/8 17:04 - Send:2C 00 DD 02 13 00 AA B4 83 02 00 00 00 00 D0 8E 18 1D 07 00 00 00 00 00 00 00 00 00 00 00 A8 93 18 1D 07 00 00 00 12 B3 00 00 59 33 D2 01 
2018/8/8 17:04 - Recv:18 00 17 02 12 00 AA B4 83 02 00 00 00 00 8D 7B 1C 1D 07 00 00 00 10 B4 00 00 
2018/8/8 17:04 - Send:2C 00 DD 02 13 00 AA B4 83 02 00 00 00 00 8D 7B 1C 1D 07 00 00 00 00 00 00 00 00 00 00 00 B8 A2 1C 1D 07 00 00 00 10 B4 00 00 63 34 D2 01 
2018/8/8 17:04 - Recv:18 00 17 02 12 00 AA B4 83 02 00 00 00 00 10 86 20 1D 07 00 00 00 10 B5 00 00 
2018/8/8 17:04 - Send:2C 00 DD 02 13 00 AA B4 83 02 00 00 00 00 10 86 20 1D 07 00 00 00 00 00 00 00 00 00 00 00 48 73 20 1D 07 00 00 00 10 B5 00 00 5D 35 D2 01 
2018/8/8 17:04 - Recv:18 00 17 02 12 00 AA B4 83 02 00 00 00 00 0A B4 24 1D 07 00 00 00 30 B6 00 00 
2018/8/8 17:04 - Send:2C 00 DD 02 13 00 AA B4 83 02 00 00 00 00 0A B4 24 1D 07 00 00 00 00 00 00 00 00 00 00 00 58 82 24 1D 07 00 00 00 30 B6 00 00 67 36 D2 01 
2018/8/8 17:04 - Recv:18 00 17 02 12 00 AA B4 83 02 00 00 00 00 CA 9D 28 1D 07 00 00 00 28 B7 00 00 
2018/8/8 17:04 - Send:2C 00 DD 02 13 00 AA B4 83 02 00 00 00 00 CA 9D 28 1D 07 00 00 00 00 00 00 00 00 00 00 00 80 8D 28 1D 07 00 00 00 28 B7 00 00 70 37 D2 01 
2018/8/8 17:04 - Recv:18 00 17 02 12 00 AA B4 83 02 00 00 00 00 5E 8D 2C 1D 07 00 00 00 22 B8 00 00 
2018/8/8 17:04 - Send:2C 00 DD 02 13 00 AA B4 83 02 00 00 00 00 5E 8D 2C 1D 07 00 00 00 00 00 00 00 00 00 00 00 10 5E 2C 1D 07 00 00 00 22 B8 00 00 6A 38 D2 01 
2018/8/8 17:04 - Recv:13 00 17 05 33 76 F3 47 78 F5 66 6D 77 68 63 6C 5F 79 67 4F 5B 
2018/8/8 17:04 - Receive undefined rc23包 Level - 5 Op - 0x7633
2018/8/8 17:04 - Recv:18 00 17 02 12 00 AA B4 83 02 00 00 00 00 37 79 30 1D 07 00 00 00 27 B9 00 00 
2018/8/8 17:04 - Send:2C 00 DD 02 13 00 AA B4 83 02 00 00 00 00 37 79 30 1D 07 00 00 00 00 00 00 00 00 00 00 00 20 6D 30 1D 07 00 00 00 27 B9 00 00 74 39 D2 01 
2018/8/8 17:04 - Recv:18 00 17 02 12 00 AA B4 83 02 00 00 00 00 FF 5E 34 1D 07 00 00 00 21 BA 00 00 
2018/8/8 17:04 - Send:2C 00 DD 02 13 00 AA B4 83 02 00 00 00 00 FF 5E 34 1D 07 00 00 00 00 00 00 00 00 00 00 00 B0 3D 34 1D 07 00 00 00 21 BA 00 00 6E 3A D2 01 
2018/8/8 17:04 - Recv:18 00 17 02 12 00 AA B4 83 02 00 00 00 00 CC 61 38 1D 07 00 00 00 34 BB 00 00 
2018/8/8 17:04 - Send:2C 00 DD 02 13 00 AA B4 83 02 00 00 00 00 CC 61 38 1D 07 00 00 00 00 00 00 00 00 00 00 00 C0 4C 38 1D 07 00 00 00 34 BB 00 00 78 3B D2 01 
2018/8/8 17:04 - Recv:18 00 17 02 12 00 AA B4 83 02 00 00 00 00 6F 56 3C 1D 07 00 00 00 2D BC 00 00 
2018/8/8 17:04 - Send:2C 00 DD 02 13 00 AA B4 83 02 00 00 00 00 6F 56 3C 1D 07 00 00 00 00 00 00 00 00 00 00 00 E8 57 3C 1D 07 00 00 00 2D BC 00 00 81 3C D2 01 
2018/8/8 17:04 - Recv:18 00 17 02 12 00 AA B4 83 02 00 00 00 00 38 36 40 1D 07 00 00 00 C2 BC 00 00 
2018/8/8 17:04 - Send:2C 00 DD 02 13 00 AA B4 83 02 00 00 00 00 38 36 40 1D 07 00 00 00 00 00 00 00 00 00 00 00 78 28 40 1D 07 00 00 00 C2 BC 00 00 7B 3D D2 01 
2018/8/8 17:04 - Client 127.0.0.1 :  Disconnect
